#
# There is insufficient memory for the Java Runtime Environment to continue.
# Native memory allocation (malloc) failed to allocate 1048576 bytes for AllocateHeap
# Possible reasons:
#   The system is out of physical RAM or swap space
#   The process is running with CompressedOops enabled, and the Java Heap may be blocking the growth of the native heap
# Possible solutions:
#   Reduce memory load on the system
#   Increase physical memory or swap space
#   Check if swap backing store is full
#   Decrease Java heap size (-Xmx/-Xms)
#   Decrease number of Java threads
#   Decrease Java thread stack sizes (-Xss)
#   Set larger code cache with -XX:ReservedCodeCacheSize=
#   JVM is running with Zero Based Compressed Oops mode in which the Java heap is
#     placed in the first 32GB address space. The Java Heap base address is the
#     maximum limit for the native heap growth. Please use -XX:HeapBaseMinAddress
#     to set the Java Heap base and to place the Java Heap above 32GB virtual address.
# This output file may be truncated or incomplete.
#
#  Out of Memory Error (memory/allocation.inline.hpp:61), pid=77580, tid=0x00000000000068e4
#
# JRE version:  (8.0-b10) (build )
# Java VM: OpenJDK 64-Bit Server VM (25.71-b10 mixed mode windows-amd64 compressed oops)
# Failed to write core dump. Minidumps are not enabled by default on client versions of Windows
#

---------------  T H R E A D  ---------------

Current thread (0x0000000002b0e000):  JavaThread "Unknown thread" [_thread_in_vm, id=26852, stack(0x0000000000f30000,0x0000000001030000)]

Stack: [0x0000000000f30000,0x0000000001030000]
[error occurred during error reporting (printing stack bounds), id 0xc0000005]

Native frames: (J=compiled Java code, j=interpreted, Vv=VM code, C=native code)


---------------  P R O C E S S  ---------------

Java Threads: ( => current thread )

Other Threads:

=>0x0000000002b0e000 (exited) JavaThread "Unknown thread" [_thread_in_vm, id=26852, stack(0x0000000000f30000,0x0000000001030000)]

VM state:not at safepoint (normal execution)

VM Mutex/Monitor currently owned by a thread: None

heap address: 0x00000006c4e00000, size: 4018 MB, Compressed Oops mode: Zero based, Oop shift amount: 3
Narrow klass base: 0x0000000000000000, Narrow klass shift: 3
Compressed class space size: 1073741824 Address: 0x00000007c0000000

Heap:
 PSYoungGen      total 75264K, used 1290K [0x000000076c500000, 0x0000000771900000, 0x00000007c0000000)
  eden space 64512K, 2% used [0x000000076c500000,0x000000076c642900,0x0000000770400000)
  from space 10752K, 0% used [0x0000000770e80000,0x0000000770e80000,0x0000000771900000)
  to   space 10752K, 0% used [0x0000000770400000,0x0000000770400000,0x0000000770e80000)
 ParOldGen       total 172032K, used 0K [0x00000006c4e00000, 0x00000006cf600000, 0x000000076c500000)
  object space 172032K, 0% used [0x00000006c4e00000,0x00000006c4e00000,0x00000006cf600000)
 Metaspace       used 778K, capacity 4480K, committed 4480K, reserved 1056768K
  class space    used 74K, capacity 384K, committed 384K, reserved 1048576K

Card table byte_map: [0x0000000011ed0000,0x00000000126b0000] byte_map_base: 0x000000000e8a9000

Marking Bits: (ParMarkBitMap*) 0x0000000077f78e90
 Begin Bits: [0x0000000012ef0000, 0x0000000016db8000)
 End Bits:   [0x0000000016db8000, 0x000000001ac80000)

Polling page: 0x0000000001030000

CodeCache: size=245760Kb used=328Kb max_used=328Kb free=245431Kb
 bounds [0x0000000002b10000, 0x0000000002d80000, 0x0000000011b10000]
 total_blobs=57 nmethods=0 adapters=38
 compilation: enabled

Compilation events (0 events):
No events

GC Heap History (0 events):
No events

Deoptimization events (0 events):
No events

Classes redefined (0 events):
No events

Internal exceptions (0 events):
No events

Events (10 events):
Event: 0.075 loading class java/lang/Short
Event: 0.075 loading class java/lang/Short done
Event: 0.075 loading class java/lang/Integer
Event: 0.075 loading class java/lang/Integer done
Event: 0.075 loading class java/lang/Long
Event: 0.075 loading class java/lang/Long done
Event: 0.077 loading class java/lang/NullPointerException
Event: 0.077 loading class java/lang/NullPointerException done
Event: 0.077 loading class java/lang/ArithmeticException
Event: 0.077 loading class java/lang/ArithmeticException done


Dynamic libraries:
0x00007ff684570000 - 0x00007ff6845a5000 	C:\Program Files\OpenJDK\jdk-8.0.262.10-hotspot\bin\javaw.exe
0x00007ffd20a80000 - 0x00007ffd20c89000 	C:\WINDOWS\SYSTEM32\ntdll.dll
0x00007ffd1efc0000 - 0x00007ffd1f07d000 	C:\WINDOWS\System32\KERNEL32.DLL
0x00007ffd1e2d0000 - 0x00007ffd1e654000 	C:\WINDOWS\System32\KERNELBASE.dll
0x0000000052f70000 - 0x000000005300d000 	C:\ProgramData\Symantec\Symantec Endpoint Protection\14.3.9210.6000.105\Data\Sysfer\x64\sysfer.dll
0x00007ffd1fad0000 - 0x00007ffd1fb7e000 	C:\WINDOWS\System32\ADVAPI32.dll
0x00007ffd1f8f0000 - 0x00007ffd1f993000 	C:\WINDOWS\System32\msvcrt.dll
0x00007ffd1f850000 - 0x00007ffd1f8ee000 	C:\WINDOWS\System32\sechost.dll
0x00007ffd1e9c0000 - 0x00007ffd1eae1000 	C:\WINDOWS\System32\RPCRT4.dll
0x00007ffd1f6a0000 - 0x00007ffd1f84d000 	C:\WINDOWS\System32\USER32.dll
0x00007ffd1e780000 - 0x00007ffd1e7a6000 	C:\WINDOWS\System32\win32u.dll
0x00007ffd1f0e0000 - 0x00007ffd1f10a000 	C:\WINDOWS\System32\GDI32.dll
0x00007ffd1e660000 - 0x00007ffd1e77e000 	C:\WINDOWS\System32\gdi32full.dll
0x00007ffd1e7b0000 - 0x00007ffd1e84d000 	C:\WINDOWS\System32\msvcp_win.dll
0x00007ffd1df10000 - 0x00007ffd1e021000 	C:\WINDOWS\System32\ucrtbase.dll
0x00007ffceb590000 - 0x00007ffceb835000 	C:\WINDOWS\WinSxS\amd64_microsoft.windows.common-controls_6595b64144ccf1df_6.0.22000.120_none_9d947278b86cc467\COMCTL32.dll
0x00007ffd20a30000 - 0x00007ffd20a38000 	C:\WINDOWS\System32\psapi.dll
0x00007ffd1f080000 - 0x00007ffd1f0b1000 	C:\WINDOWS\System32\IMM32.DLL
0x0000000051a80000 - 0x0000000051b51000 	C:\Program Files\OpenJDK\jdk-8.0.262.10-hotspot\jre\bin\msvcr100.dll
0x00000000777d0000 - 0x0000000077ff5000 	C:\Program Files\OpenJDK\jdk-8.0.262.10-hotspot\jre\bin\server\jvm.dll
0x00007ffd00220000 - 0x00007ffd00229000 	C:\WINDOWS\SYSTEM32\WSOCK32.dll
0x00007ffd20930000 - 0x00007ffd2099f000 	C:\WINDOWS\System32\WS2_32.dll
0x00007ffd151a0000 - 0x00007ffd151d3000 	C:\WINDOWS\SYSTEM32\WINMM.dll
0x00007ffd14510000 - 0x00007ffd1451a000 	C:\WINDOWS\SYSTEM32\VERSION.dll
0x00007ffd11940000 - 0x00007ffd1194f000 	C:\Program Files\OpenJDK\jdk-8.0.262.10-hotspot\jre\bin\verify.dll
0x00007ffcf2df0000 - 0x00007ffcf2e19000 	C:\Program Files\OpenJDK\jdk-8.0.262.10-hotspot\jre\bin\java.dll
0x00007ffd013a0000 - 0x00007ffd013b6000 	C:\Program Files\OpenJDK\jdk-8.0.262.10-hotspot\jre\bin\zip.dll

VM Arguments:
jvm_args: -Dfile.encoding=Cp1252 
java_command: employee.management.system.DeleteEmp
java_class_path (initial): C:\Users\hari.kishan\eclipse-workspace\Employee.Management.System\bin;C:\Users\hari.kishan\Downloads\mysql-connector-j-8.1.0\mysql-connector-j-8.1.0\mysql-connector-j-8.1.0.jar;C:\Users\hari.kishan\Downloads\jcalendar-tz-1.3.3-4.jar;C:\Users\hari.kishan\Downloads\rs2xml.jar
Launcher Type: SUN_STANDARD

Environment Variables:
CLASSPATH=C:\Users\hari.kishan\Downloads\mysql-connector-j-8.1.0\mysql-connector-j-8.1.0\mysql-connector-j-8.1.0.jar.;
PATH=C:/Program Files/OpenJDK/jdk-8.0.262.10-hotspot/bin/../jre/bin/server;C:/Program Files/OpenJDK/jdk-8.0.262.10-hotspot/bin/../jre/bin;C:/Program Files/OpenJDK/jdk-8.0.262.10-hotspot/bin/../jre/lib/amd64;C:\Program Files\OpenJDK\jdk-8.0.262.10-hotspot\bin;C:\WINDOWS\system32;C:\WINDOWS;C:\WINDOWS\System32\Wbem;C:\WINDOWS\System32\WindowsPowerShell\v1.0\;C:\WINDOWS\System32\OpenSSH\;C:\Windows\CCM;C:\Program Files\MySQL\MySQL Shell 8.0\bin\;C:\Users\hari.kishan\AppData\Local\Microsoft\WindowsApps;;C:\Users\hari.kishan\AppData\Local\Programs\Microsoft VS Code\bin;C:\Users\hari.kishan\Downloads\eclipse-jee-2018-09-win32-x86_64\eclipse;
USERNAME=hari.kishan
OS=Windows_NT
PROCESSOR_IDENTIFIER=Intel64 Family 6 Model 140 Stepping 1, GenuineIntel



---------------  S Y S T E M  ---------------

OS: Windows 10.0 , 64 bit Build 22000 (10.0.22000.2538)

CPU:total 4 (initial active 4) (4 cores per cpu, 2 threads per core) family 6 model 140 stepping 1, cmov, cx8, fxsr, mmx, sse, sse2, sse3, ssse3, sse4.1, sse4.2, popcnt, avx, avx2, aes, clmul, erms, 3dnowpref, lzcnt, ht, tsc, tscinvbit, bmi1, bmi2, adx

Memory: 4k page, physical 16449756k(4049956k free), swap 66781404k(5664k free)

vm_info: OpenJDK 64-Bit Server VM (25.71-b10) for windows-amd64 JRE (1.8.0-262-b10), built on Jul 25 2020 01:22:05 by "Administrator" with MS VC++ 10.0 (VS2010)

time: Tue Nov 07 16:46:33 2023
timezone: India Standard Time
elapsed time: 0 seconds (0d 0h 0m 0s)

