#
# There is insufficient memory for the Java Runtime Environment to continue.
# Native memory allocation (mmap) failed to map 344064 bytes for card table expansion
# Possible reasons:
#   The system is out of physical RAM or swap space
#   The process is running with CompressedOops enabled, and the Java Heap may be blocking the growth of the native heap
# Possible solutions:
#   Reduce memory load on the system
#   Increase physical memory or swap space
#   Check if swap backing store is full
#   Decrease Java heap size (-Xmx/-Xms)
#   Decrease number of Java threads
#   Decrease Java thread stack sizes (-Xss)
#   Set larger code cache with -XX:ReservedCodeCacheSize=
# This output file may be truncated or incomplete.
#
#  Out of Memory Error (os_windows.cpp:3440), pid=42944, tid=0x0000000000010774
#
# JRE version:  (8.0-b10) (build )
# Java VM: OpenJDK 64-Bit Server VM (25.71-b10 mixed mode windows-amd64 compressed oops)
# Failed to write core dump. Minidumps are not enabled by default on client versions of Windows
#

---------------  T H R E A D  ---------------

Current thread (0x000000000329e000):  JavaThread "Unknown thread" [_thread_in_vm, id=67444, stack(0x0000000003160000,0x0000000003260000)]

Stack: [0x0000000003160000,0x0000000003260000]
[error occurred during error reporting (printing stack bounds), id 0xc0000005]

Native frames: (J=compiled Java code, j=interpreted, Vv=VM code, C=native code)


---------------  P R O C E S S  ---------------

Java Threads: ( => current thread )

Other Threads:

=>0x000000000329e000 (exited) JavaThread "Unknown thread" [_thread_in_vm, id=67444, stack(0x0000000003160000,0x0000000003260000)]

VM state:not at safepoint (not fully initialized)

VM Mutex/Monitor currently owned by a thread: None

heap address: 0x00000006c4e00000, size: 4018 MB, Compressed Oops mode: Non-zero based:0x00000006c4dff000, Oop shift amount: 3
Narrow klass base: 0x0000000000000000, Narrow klass shift: 0

GC Heap History (0 events):
No events

Deoptimization events (0 events):
No events

Classes redefined (0 events):
No events

Internal exceptions (0 events):
No events

Events (0 events):
No events


Dynamic libraries:
0x00007ff684570000 - 0x00007ff6845a5000 	C:\Program Files\OpenJDK\jdk-8.0.262.10-hotspot\bin\javaw.exe
0x00007ffd20a80000 - 0x00007ffd20c89000 	C:\WINDOWS\SYSTEM32\ntdll.dll
0x00007ffd1efc0000 - 0x00007ffd1f07d000 	C:\WINDOWS\System32\KERNEL32.DLL
0x00007ffd1e2d0000 - 0x00007ffd1e654000 	C:\WINDOWS\System32\KERNELBASE.dll
0x0000000052f70000 - 0x000000005300d000 	C:\ProgramData\Symantec\Symantec Endpoint Protection\14.3.9210.6000.105\Data\Sysfer\x64\sysfer.dll
0x00007ffd1fad0000 - 0x00007ffd1fb7e000 	C:\WINDOWS\System32\ADVAPI32.dll
0x00007ffd1f8f0000 - 0x00007ffd1f993000 	C:\WINDOWS\System32\msvcrt.dll
0x00007ffd1f850000 - 0x00007ffd1f8ee000 	C:\WINDOWS\System32\sechost.dll
0x00007ffd1e9c0000 - 0x00007ffd1eae1000 	C:\WINDOWS\System32\RPCRT4.dll
0x00007ffd1f6a0000 - 0x00007ffd1f84d000 	C:\WINDOWS\System32\USER32.dll
0x00007ffd1e780000 - 0x00007ffd1e7a6000 	C:\WINDOWS\System32\win32u.dll
0x00007ffd1f0e0000 - 0x00007ffd1f10a000 	C:\WINDOWS\System32\GDI32.dll
0x00007ffd1e660000 - 0x00007ffd1e77e000 	C:\WINDOWS\System32\gdi32full.dll
0x00007ffd1e7b0000 - 0x00007ffd1e84d000 	C:\WINDOWS\System32\msvcp_win.dll
0x00007ffd1df10000 - 0x00007ffd1e021000 	C:\WINDOWS\System32\ucrtbase.dll
0x00007ffceb590000 - 0x00007ffceb835000 	C:\WINDOWS\WinSxS\amd64_microsoft.windows.common-controls_6595b64144ccf1df_6.0.22000.120_none_9d947278b86cc467\COMCTL32.dll
0x00007ffd20a30000 - 0x00007ffd20a38000 	C:\WINDOWS\System32\psapi.dll
0x00007ffd1f080000 - 0x00007ffd1f0b1000 	C:\WINDOWS\System32\IMM32.DLL
0x0000000051a80000 - 0x0000000051b51000 	C:\Program Files\OpenJDK\jdk-8.0.262.10-hotspot\jre\bin\msvcr100.dll
0x00000000777d0000 - 0x0000000077ff5000 	C:\Program Files\OpenJDK\jdk-8.0.262.10-hotspot\jre\bin\server\jvm.dll
0x00007ffd00220000 - 0x00007ffd00229000 	C:\WINDOWS\SYSTEM32\WSOCK32.dll
0x00007ffd20930000 - 0x00007ffd2099f000 	C:\WINDOWS\System32\WS2_32.dll
0x00007ffd151a0000 - 0x00007ffd151d3000 	C:\WINDOWS\SYSTEM32\WINMM.dll
0x00007ffd14510000 - 0x00007ffd1451a000 	C:\WINDOWS\SYSTEM32\VERSION.dll
0x00007ffd11940000 - 0x00007ffd1194f000 	C:\Program Files\OpenJDK\jdk-8.0.262.10-hotspot\jre\bin\verify.dll
0x00007ffcf2df0000 - 0x00007ffcf2e19000 	C:\Program Files\OpenJDK\jdk-8.0.262.10-hotspot\jre\bin\java.dll
0x00007ffd013a0000 - 0x00007ffd013b6000 	C:\Program Files\OpenJDK\jdk-8.0.262.10-hotspot\jre\bin\zip.dll

VM Arguments:
jvm_args: -Dfile.encoding=Cp1252 
java_command: employee.management.system.DeleteEmp
java_class_path (initial): C:\Users\hari.kishan\eclipse-workspace\Employee.Management.System\bin;C:\Users\hari.kishan\Downloads\mysql-connector-j-8.1.0\mysql-connector-j-8.1.0\mysql-connector-j-8.1.0.jar;C:\Users\hari.kishan\Downloads\jcalendar-tz-1.3.3-4.jar;C:\Users\hari.kishan\Downloads\rs2xml.jar
Launcher Type: SUN_STANDARD

Environment Variables:
CLASSPATH=C:\Users\hari.kishan\Downloads\mysql-connector-j-8.1.0\mysql-connector-j-8.1.0\mysql-connector-j-8.1.0.jar.;
PATH=C:/Program Files/OpenJDK/jdk-8.0.262.10-hotspot/bin/../jre/bin/server;C:/Program Files/OpenJDK/jdk-8.0.262.10-hotspot/bin/../jre/bin;C:/Program Files/OpenJDK/jdk-8.0.262.10-hotspot/bin/../jre/lib/amd64;C:\Program Files\OpenJDK\jdk-8.0.262.10-hotspot\bin;C:\WINDOWS\system32;C:\WINDOWS;C:\WINDOWS\System32\Wbem;C:\WINDOWS\System32\WindowsPowerShell\v1.0\;C:\WINDOWS\System32\OpenSSH\;C:\Windows\CCM;C:\Program Files\MySQL\MySQL Shell 8.0\bin\;C:\Users\hari.kishan\AppData\Local\Microsoft\WindowsApps;;C:\Users\hari.kishan\AppData\Local\Programs\Microsoft VS Code\bin;C:\Users\hari.kishan\Downloads\eclipse-jee-2018-09-win32-x86_64\eclipse;
USERNAME=hari.kishan
OS=Windows_NT
PROCESSOR_IDENTIFIER=Intel64 Family 6 Model 140 Stepping 1, GenuineIntel



---------------  S Y S T E M  ---------------

OS: Windows 10.0 , 64 bit Build 22000 (10.0.22000.2538)

CPU:total 4 (initial active 4) (4 cores per cpu, 2 threads per core) family 6 model 140 stepping 1, cmov, cx8, fxsr, mmx, sse, sse2, sse3, ssse3, sse4.1, sse4.2, popcnt, avx, avx2, aes, clmul, erms, 3dnowpref, lzcnt, ht, tsc, tscinvbit, bmi1, bmi2, adx

Memory: 4k page, physical 16449756k(4075684k free), swap 66781404k(5120k free)

vm_info: OpenJDK 64-Bit Server VM (25.71-b10) for windows-amd64 JRE (1.8.0-262-b10), built on Jul 25 2020 01:22:05 by "Administrator" with MS VC++ 10.0 (VS2010)

time: Tue Nov 07 16:47:49 2023
timezone: India Standard Time
elapsed time: 0 seconds (0d 0h 0m 0s)

